<?xml version="1.0" encoding="UTF-8"?>
<!-- Generated by org.testng.reporters.JUnitXMLReporter -->
<testsuite ignored="0" hostname="LPCAIQ0804" failures="1" tests="6" name="End To End Test with Edge browser" time="50.463" errors="0" timestamp="2022-07-28T09:59:26 EET">
  <testcase classname="com.OrangeHRM.testcases.LoginPageTest" name="PerformValidLoginTest" time="3.65"/>
  <testcase classname="com.OrangeHRM.testcases.LoginPageTest" name="CheckLoginwithInvalidPasswordOrmail" time="1.924"/>
  <testcase classname="com.OrangeHRM.testcases.LoginPageTest" name="CheckLoginwithInvalidPasswordOrmail" time="1.362"/>
  <testcase classname="com.OrangeHRM.testcases.LoginPageTest" name="CheckLoginwithInvalidPasswordOrmail" time="1.768"/>
  <testcase classname="com.OrangeHRM.testcases.LoginPageTest" name="CheckLoginwithInvalidPasswordOrmail" time="1.514"/>
  <testcase classname="com.OrangeHRM.testcases.ResetPasswordTest" name="checkForgotPasswordFunctionality" time="1.307">
    <failure type="java.lang.AssertionError" message="You Can&amp;apos;t Set a new Password expected [false] but found [true]">
      <![CDATA[java.lang.AssertionError: You Can't Set a new Password expected [false] but found [true]
at com.OrangeHRM.testcases.ResetPasswordTest.checkForgotPasswordFunctionality(ResetPasswordTest.java:65)
at java.base/java.util.ArrayList.forEach(ArrayList.java:1511)
... Removed 30 stack frames]]>
    </failure>
  </testcase> <!-- checkForgotPasswordFunctionality -->
</testsuite> <!-- End To End Test with Edge browser -->
