<?xml version="1.0" encoding="UTF-8"?>
<!-- Generated by org.testng.reporters.JUnitXMLReporter -->
<testsuite ignored="4" hostname="LPCAIQ0804" failures="0" tests="1" name="End To End Test with Chrome browser" time="19.39" errors="0" timestamp="2022-07-31T20:28:41 EET">
  <testcase classname="com.OrangeHRM.testcases.LoginPageTest" name="PerformValidLoginTest" time="6.782"/>
  <testcase classname="com.OrangeHRM.testcases.LoginPageTest" name="testURL" time="0.0">
    <ignored/>
  </testcase> <!-- testURL -->
  <testcase classname="com.OrangeHRM.testcases.LoginPageTest" name="testLogo" time="0.0">
    <ignored/>
  </testcase> <!-- testLogo -->
  <testcase classname="com.OrangeHRM.testcases.LoginPageTest" name="testTitle" time="0.0">
    <ignored/>
  </testcase> <!-- testTitle -->
  <testcase classname="com.OrangeHRM.testcases.LoginPageTest" name="CheckLoginwithInvalidPasswordOrmail" time="0.0">
    <ignored/>
  </testcase> <!-- CheckLoginwithInvalidPasswordOrmail -->
</testsuite> <!-- End To End Test with Chrome browser -->
