<?xml version="1.0" encoding="UTF-8"?>
<!-- Generated by org.testng.reporters.JUnitXMLReporter -->
<testsuite ignored="1" hostname="LPCAIQ0804" failures="1" tests="5" name="End To End Test with Edge browser" time="184.014" errors="0" timestamp="2022-07-26T13:05:13 EET">
  <testcase classname="com.OrangeHRM.testcases.LoginPageTest" name="CheckLoginwithInvalidPasswordOrmail" time="5.055"/>
  <testcase classname="com.OrangeHRM.testcases.LoginPageTest" name="CheckLoginwithInvalidPasswordOrmail" time="3.703"/>
  <testcase classname="com.OrangeHRM.testcases.LoginPageTest" name="CheckLoginwithInvalidPasswordOrmail" time="5.28"/>
  <testcase classname="com.OrangeHRM.testcases.LoginPageTest" name="CheckLoginwithInvalidPasswordOrmail" time="7.955"/>
  <testcase classname="com.OrangeHRM.testcases.ResetPasswordTest" name="checkForgotPasswordFunctionality" time="2.617">
    <failure type="java.lang.AssertionError" message="You Can&amp;apos;t Set a new Password expected [false] but found [true]">
      <![CDATA[java.lang.AssertionError: You Can't Set a new Password expected [false] but found [true]
at com.OrangeHRM.testcases.ResetPasswordTest.checkForgotPasswordFunctionality(ResetPasswordTest.java:68)
at java.base/java.util.ArrayList.forEach(ArrayList.java:1511)
... Removed 30 stack frames]]>
    </failure>
  </testcase> <!-- checkForgotPasswordFunctionality -->
  <testcase classname="com.OrangeHRM.testcases.LoginPageTest" name="PerformValidLoginTest" time="0.0">
    <ignored/>
  </testcase> <!-- PerformValidLoginTest -->
</testsuite> <!-- End To End Test with Edge browser -->
