<?xml version="1.0" encoding="UTF-8"?>
<!-- Generated by org.testng.reporters.JUnitXMLReporter -->
<testsuite ignored="1" hostname="LPCAIQ0804" failures="0" tests="5" name="End To End Test with FireFox browser" time="5.257" errors="0" timestamp="2022-07-31T19:53:13 EET">
  <testcase classname="com.OrangeHRM.testcases.LoginPageTest" name="@BeforeMethod setup" time="2.66">
    <failure type="atu.testrecorder.exceptions.ATUTestRecorderException">
      <![CDATA[[ATU Test Recorder Exception] D:\Eclipse\OrangeHRM2\TestReport\PerformValidLoginTest2022-07-31_19:53:11.mov (The filename, directory name, or volume label syntax is incorrect)
at atu.testrecorder.ATUTestRecorder.<init>(ATUTestRecorder.java:184)
at com.OrangeHRM.util.TestUtils.TakeVideo(TestUtils.java:50)
at com.OrangeHRM.util.TestUtils.StartTakeVideo(TestUtils.java:42)
at com.OrangeHRM.testcases.LoginPageTest.setup(LoginPageTest.java:45)
at java.base/java.util.ArrayList.forEach(ArrayList.java:1511)
... Removed 29 stack frames]]>
    </failure>
  </testcase> <!-- @BeforeMethod setup -->
  <testcase classname="com.OrangeHRM.testcases.LoginPageTest" name="@AfterMethod tearDown" time="-1.659289991225E9">
    <skipped/>
  </testcase> <!-- @AfterMethod tearDown -->
  <testcase classname="com.OrangeHRM.testcases.LoginPageTest" name="@BeforeMethod setup" time="-1.659289991227E9">
    <skipped/>
  </testcase> <!-- @BeforeMethod setup -->
  <testcase classname="com.OrangeHRM.testcases.LoginPageTest" name="@AfterMethod tearDown" time="-1.659289991229E9">
    <skipped/>
  </testcase> <!-- @AfterMethod tearDown -->
  <testcase classname="com.OrangeHRM.testcases.LoginPageTest" name="@BeforeMethod setup" time="-1.65928999123E9">
    <skipped/>
  </testcase> <!-- @BeforeMethod setup -->
  <testcase classname="com.OrangeHRM.testcases.LoginPageTest" name="@AfterMethod tearDown" time="-1.659289991232E9">
    <skipped/>
  </testcase> <!-- @AfterMethod tearDown -->
  <testcase classname="com.OrangeHRM.testcases.LoginPageTest" name="@BeforeMethod setup" time="-1.659289991233E9">
    <skipped/>
  </testcase> <!-- @BeforeMethod setup -->
  <testcase classname="com.OrangeHRM.testcases.LoginPageTest" name="@AfterMethod tearDown" time="-1.659289991235E9">
    <skipped/>
  </testcase> <!-- @AfterMethod tearDown -->
  <testcase classname="com.OrangeHRM.testcases.ResetPasswordTest" name="@BeforeMethod setup" time="2.577">
    <failure type="atu.testrecorder.exceptions.ATUTestRecorderException">
      <![CDATA[[ATU Test Recorder Exception] D:\Eclipse\OrangeHRM2\TestReport\checkForgotPasswordFunctionality2022-07-31_19:53:13.mov (The filename, directory name, or volume label syntax is incorrect)
at atu.testrecorder.ATUTestRecorder.<init>(ATUTestRecorder.java:184)
at com.OrangeHRM.util.TestUtils.TakeVideo(TestUtils.java:50)
at com.OrangeHRM.util.TestUtils.StartTakeVideo(TestUtils.java:42)
at com.OrangeHRM.testcases.ResetPasswordTest.setup(ResetPasswordTest.java:39)
at java.base/java.util.ArrayList.forEach(ArrayList.java:1511)
... Removed 29 stack frames]]>
    </failure>
  </testcase> <!-- @BeforeMethod setup -->
  <testcase classname="com.OrangeHRM.testcases.ResetPasswordTest" name="@AfterMethod tearDown" time="-1.659289993817E9">
    <skipped/>
  </testcase> <!-- @AfterMethod tearDown -->
  <testcase classname="com.OrangeHRM.testcases.LoginPageTest" name="PerformValidLoginTest" time="0.0">
    <skipped/>
  </testcase> <!-- PerformValidLoginTest -->
  <testcase classname="com.OrangeHRM.testcases.LoginPageTest" name="testLogo" time="0.0">
    <skipped/>
  </testcase> <!-- testLogo -->
  <testcase classname="com.OrangeHRM.testcases.LoginPageTest" name="testTitle" time="0.0">
    <skipped/>
  </testcase> <!-- testTitle -->
  <testcase classname="com.OrangeHRM.testcases.LoginPageTest" name="testURL" time="0.0">
    <skipped/>
  </testcase> <!-- testURL -->
  <testcase classname="com.OrangeHRM.testcases.ResetPasswordTest" name="checkForgotPasswordFunctionality" time="0.0">
    <skipped/>
  </testcase> <!-- checkForgotPasswordFunctionality -->
  <testcase classname="com.OrangeHRM.testcases.LoginPageTest" name="CheckLoginwithInvalidPasswordOrmail" time="0.0">
    <ignored/>
  </testcase> <!-- CheckLoginwithInvalidPasswordOrmail -->
</testsuite> <!-- End To End Test with FireFox browser -->
