<?xml version="1.0" encoding="UTF-8"?>
<!-- Generated by org.testng.reporters.JUnitXMLReporter -->
<testsuite ignored="1" hostname="LPCAIQ0804" failures="0" tests="4" name="End To End Test with Chrome browser" time="38.606" errors="0" timestamp="2022-07-25T11:51:59 EET">
  <testcase classname="com.OrangeHRM.testcases.LoginPageTest" name="CheckLoginwithInvalidPasswordOrmail" time="1.814"/>
  <testcase classname="com.OrangeHRM.testcases.LoginPageTest" name="CheckLoginwithInvalidPasswordOrmail" time="1.467"/>
  <testcase classname="com.OrangeHRM.testcases.LoginPageTest" name="CheckLoginwithInvalidPasswordOrmail" time="1.699"/>
  <testcase classname="com.OrangeHRM.testcases.LoginPageTest" name="CheckLoginwithInvalidPasswordOrmail" time="1.308"/>
  <testcase classname="com.OrangeHRM.testcases.LoginPageTest" name="PerformValidLoginTest" time="0.0">
    <ignored/>
  </testcase> <!-- PerformValidLoginTest -->
</testsuite> <!-- End To End Test with Chrome browser -->
